# JRE version: Java(TM) SE Runtime Environment (8.0_231-b11) (build 1.8.0_231-b11)
# Java VM: Java HotSpot(TM) 64-Bit Server VM (25.231-b11 mixed mode windows-amd64 compressed oops)
Heap:
 PSYoungGen      total 231936K, used 35357K [0x00000000d6300000, 0x00000000eb080000, 0x0000000100000000)
  eden space 217088K, 9% used [0x00000000d6300000,0x00000000d770a7c8,0x00000000e3700000)
  from space 14848K, 99% used [0x00000000ea200000,0x00000000eb07ce90,0x00000000eb080000)
  to   space 13824K, 0% used [0x00000000e3700000,0x00000000e3700000,0x00000000e4480000)
 ParOldGen       total 71168K, used 23759K [0x0000000082800000, 0x0000000086d80000, 0x00000000d6300000)
  object space 71168K, 33% used [0x0000000082800000,0x0000000083f33c00,0x0000000086d80000)
 Metaspace       used 50066K, capacity 52106K, committed 52608K, reserved 1097728K
  class space    used 6847K, capacity 7271K, committed 7296K, reserved 1048576K
GC Heap History (10 events):
Event: 23.889 GC heap before
{Heap before GC invocations=8 (full 1):
 PSYoungGen      total 126464K, used 126155K [0x00000000d6300000, 0x00000000df180000, 0x0000000100000000)
  eden space 121344K, 100% used [0x00000000d6300000,0x00000000dd980000,0x00000000dd980000)
  from space 5120K, 93% used [0x00000000dec80000,0x00000000df132e08,0x00000000df180000)
  to   space 9728K, 0% used [0x00000000dde80000,0x00000000dde80000,0x00000000de800000)
 ParOldGen       total 50688K, used 9405K [0x0000000082800000, 0x0000000085980000, 0x00000000d6300000)
  object space 50688K, 18% used [0x0000000082800000,0x000000008312f7c8,0x0000000085980000)
 Metaspace       used 26038K, capacity 27122K, committed 27392K, reserved 1073152K
  class space    used 3572K, capacity 3821K, committed 3840K, reserved 1048576K
Event: 23.917 GC heap after
Heap after GC invocations=8 (full 1):
 PSYoungGen      total 136192K, used 8727K [0x00000000d6300000, 0x00000000e4e80000, 0x0000000100000000)
  eden space 126464K, 0% used [0x00000000d6300000,0x00000000d6300000,0x00000000dde80000)
  from space 9728K, 89% used [0x00000000dde80000,0x00000000de705c48,0x00000000de800000)
  to   space 10240K, 0% used [0x00000000e4480000,0x00000000e4480000,0x00000000e4e80000)
 ParOldGen       total 50688K, used 9413K [0x0000000082800000, 0x0000000085980000, 0x00000000d6300000)
  object space 50688K, 18% used [0x0000000082800000,0x00000000831317c8,0x0000000085980000)
 Metaspace       used 26038K, capacity 27122K, committed 27392K, reserved 1073152K
  class space    used 3572K, capacity 3821K, committed 3840K, reserved 1048576K
}
Event: 29.098 GC heap before
{Heap before GC invocations=9 (full 1):
 PSYoungGen      total 136192K, used 135191K [0x00000000d6300000, 0x00000000e4e80000, 0x0000000100000000)
  eden space 126464K, 100% used [0x00000000d6300000,0x00000000dde80000,0x00000000dde80000)
  from space 9728K, 89% used [0x00000000dde80000,0x00000000de705c48,0x00000000de800000)
  to   space 10240K, 0% used [0x00000000e4480000,0x00000000e4480000,0x00000000e4e80000)
 ParOldGen       total 50688K, used 9413K [0x0000000082800000, 0x0000000085980000, 0x00000000d6300000)
  object space 50688K, 18% used [0x0000000082800000,0x00000000831317c8,0x0000000085980000)
 Metaspace       used 31868K, capacity 33512K, committed 33664K, reserved 1079296K
  class space    used 4339K, capacity 4687K, committed 4736K, reserved 1048576K
Event: 29.126 GC heap after
Heap after GC invocations=9 (full 1):
 PSYoungGen      total 227328K, used 10238K [0x00000000d6300000, 0x00000000e5900000, 0x0000000100000000)
  eden space 217088K, 0% used [0x00000000d6300000,0x00000000d6300000,0x00000000e3700000)
  from space 10240K, 99% used [0x00000000e4480000,0x00000000e4e7f870,0x00000000e4e80000)
  to   space 13824K, 0% used [0x00000000e3700000,0x00000000e3700000,0x00000000e4480000)
 ParOldGen       total 50688K, used 14972K [0x0000000082800000, 0x0000000085980000, 0x00000000d6300000)
  object space 50688K, 29% used [0x0000000082800000,0x000000008369f030,0x0000000085980000)
 Metaspace       used 31868K, capacity 33512K, committed 33664K, reserved 1079296K
  class space    used 4339K, capacity 4687K, committed 4736K, reserved 1048576K
}
Event: 33.374 GC heap before
{Heap before GC invocations=10 (full 1):
 PSYoungGen      total 227328K, used 126892K [0x00000000d6300000, 0x00000000e5900000, 0x0000000100000000)
  eden space 217088K, 53% used [0x00000000d6300000,0x00000000dd4eb7f0,0x00000000e3700000)
  from space 10240K, 99% used [0x00000000e4480000,0x00000000e4e7f870,0x00000000e4e80000)
  to   space 13824K, 0% used [0x00000000e3700000,0x00000000e3700000,0x00000000e4480000)
 ParOldGen       total 50688K, used 14972K [0x0000000082800000, 0x0000000085980000, 0x00000000d6300000)
  object space 50688K, 29% used [0x0000000082800000,0x000000008369f030,0x0000000085980000)
 Metaspace       used 33629K, capacity 35320K, committed 35456K, reserved 1079296K
  class space    used 4552K, capacity 4897K, committed 4992K, reserved 1048576K
Event: 33.393 GC heap after
Heap after GC invocations=10 (full 1):
 PSYoungGen      total 230912K, used 11951K [0x00000000d6300000, 0x00000000eb080000, 0x0000000100000000)
  eden space 217088K, 0% used [0x00000000d6300000,0x00000000d6300000,0x00000000e3700000)
  from space 13824K, 86% used [0x00000000e3700000,0x00000000e42abe50,0x00000000e4480000)
  to   space 14848K, 0% used [0x00000000ea200000,0x00000000ea200000,0x00000000eb080000)
 ParOldGen       total 50688K, used 16617K [0x0000000082800000, 0x0000000085980000, 0x00000000d6300000)
  object space 50688K, 32% used [0x0000000082800000,0x000000008383a6f0,0x0000000085980000)
 Metaspace       used 33629K, capacity 35320K, committed 35456K, reserved 1079296K
  class space    used 4552K, capacity 4897K, committed 4992K, reserved 1048576K
}
Event: 33.393 GC heap before
{Heap before GC invocations=11 (full 2):
 PSYoungGen      total 230912K, used 11951K [0x00000000d6300000, 0x00000000eb080000, 0x0000000100000000)
  eden space 217088K, 0% used [0x00000000d6300000,0x00000000d6300000,0x00000000e3700000)
  from space 13824K, 86% used [0x00000000e3700000,0x00000000e42abe50,0x00000000e4480000)
  to   space 14848K, 0% used [0x00000000ea200000,0x00000000ea200000,0x00000000eb080000)
 ParOldGen       total 50688K, used 16617K [0x0000000082800000, 0x0000000085980000, 0x00000000d6300000)
  object space 50688K, 32% used [0x0000000082800000,0x000000008383a6f0,0x0000000085980000)
 Metaspace       used 33629K, capacity 35320K, committed 35456K, reserved 1079296K
  class space    used 4552K, capacity 4897K, committed 4992K, reserved 1048576K
Event: 33.564 GC heap after
Heap after GC invocations=11 (full 2):
 PSYoungGen      total 230912K, used 0K [0x00000000d6300000, 0x00000000eb080000, 0x0000000100000000)
  eden space 217088K, 0% used [0x00000000d6300000,0x00000000d6300000,0x00000000e3700000)
  from space 13824K, 0% used [0x00000000e3700000,0x00000000e3700000,0x00000000e4480000)
  to   space 14848K, 0% used [0x00000000ea200000,0x00000000ea200000,0x00000000eb080000)
 ParOldGen       total 71168K, used 20354K [0x0000000082800000, 0x0000000086d80000, 0x00000000d6300000)
  object space 71168K, 28% used [0x0000000082800000,0x0000000083be0b18,0x0000000086d80000)
 Metaspace       used 33629K, capacity 35320K, committed 35456K, reserved 1079296K
  class space    used 4552K, capacity 4897K, committed 4992K, reserved 1048576K
}
Event: 71.238 GC heap before
{Heap before GC invocations=12 (full 2):
 PSYoungGen      total 230912K, used 217088K [0x00000000d6300000, 0x00000000eb080000, 0x0000000100000000)
  eden space 217088K, 100% used [0x00000000d6300000,0x00000000e3700000,0x00000000e3700000)
  from space 13824K, 0% used [0x00000000e3700000,0x00000000e3700000,0x00000000e4480000)
  to   space 14848K, 0% used [0x00000000ea200000,0x00000000ea200000,0x00000000eb080000)
 ParOldGen       total 71168K, used 20354K [0x0000000082800000, 0x0000000086d80000, 0x00000000d6300000)
  object space 71168K, 28% used [0x0000000082800000,0x0000000083be0b18,0x0000000086d80000)
 Metaspace       used 49519K, capacity 51462K, committed 51840K, reserved 1093632K
  class space    used 6782K, capacity 7190K, committed 7296K, reserved 1048576K
Event: 71.255 GC heap after
Heap after GC invocations=12 (full 2):
 PSYoungGen      total 231936K, used 14835K [0x00000000d6300000, 0x00000000eb080000, 0x0000000100000000)
  eden space 217088K, 0% used [0x00000000d6300000,0x00000000d6300000,0x00000000e3700000)
  from space 14848K, 99% used [0x00000000ea200000,0x00000000eb07ce90,0x00000000eb080000)
  to   space 13824K, 0% used [0x00000000e3700000,0x00000000e3700000,0x00000000e4480000)
 ParOldGen       total 71168K, used 23759K [0x0000000082800000, 0x0000000086d80000, 0x00000000d6300000)
  object space 71168K, 33% used [0x0000000082800000,0x0000000083f33c00,0x0000000086d80000)
 Metaspace       used 49519K, capacity 51462K, committed 51840K, reserved 1093632K
  class space    used 6782K, capacity 7190K, committed 7296K, reserved 1048576K
}

