# JRE version: Java(TM) SE Runtime Environment (8.0_231-b11) (build 1.8.0_231-b11)
# Java VM: Java HotSpot(TM) 64-Bit Server VM (25.231-b11 mixed mode windows-amd64 compressed oops)
Heap:
 PSYoungGen      total 252928K, used 42327K [0x00000000d6300000, 0x00000000e6c00000, 0x0000000100000000)
  eden space 234496K, 18% used [0x00000000d6300000,0x00000000d8c55eb8,0x00000000e4800000)
  from space 18432K, 0% used [0x00000000e4800000,0x00000000e4800000,0x00000000e5a00000)
  to   space 15872K, 0% used [0x00000000e5c80000,0x00000000e5c80000,0x00000000e6c00000)
 ParOldGen       total 86528K, used 35303K [0x0000000082800000, 0x0000000087c80000, 0x00000000d6300000)
  object space 86528K, 40% used [0x0000000082800000,0x0000000084a79fd0,0x0000000087c80000)
 Metaspace       used 57347K, capacity 60212K, committed 60544K, reserved 1101824K
  class space    used 7970K, capacity 8498K, committed 8576K, reserved 1048576K
GC Heap History (10 events):
Event: 22.852 GC heap before
{Heap before GC invocations=10 (full 1):
 PSYoungGen      total 187392K, used 136770K [0x00000000d6300000, 0x00000000e4800000, 0x0000000100000000)
  eden space 177152K, 71% used [0x00000000d6300000,0x00000000dde93ef8,0x00000000e1000000)
  from space 10240K, 99% used [0x00000000e1f80000,0x00000000e297cc30,0x00000000e2980000)
  to   space 15872K, 0% used [0x00000000e1000000,0x00000000e1000000,0x00000000e1f80000)
 ParOldGen       total 55808K, used 19901K [0x0000000082800000, 0x0000000085e80000, 0x00000000d6300000)
  object space 55808K, 35% used [0x0000000082800000,0x0000000083b6f748,0x0000000085e80000)
 Metaspace       used 33626K, capacity 35352K, committed 35456K, reserved 1079296K
  class space    used 4552K, capacity 4929K, committed 4992K, reserved 1048576K
Event: 22.932 GC heap after
Heap after GC invocations=10 (full 1):
 PSYoungGen      total 193024K, used 11442K [0x00000000d6300000, 0x00000000e6c80000, 0x0000000100000000)
  eden space 177152K, 0% used [0x00000000d6300000,0x00000000d6300000,0x00000000e1000000)
  from space 15872K, 72% used [0x00000000e1000000,0x00000000e1b2c9b8,0x00000000e1f80000)
  to   space 16384K, 0% used [0x00000000e5c80000,0x00000000e5c80000,0x00000000e6c80000)
 ParOldGen       total 55808K, used 21489K [0x0000000082800000, 0x0000000085e80000, 0x00000000d6300000)
  object space 55808K, 38% used [0x0000000082800000,0x0000000083cfc7a0,0x0000000085e80000)
 Metaspace       used 33626K, capacity 35352K, committed 35456K, reserved 1079296K
  class space    used 4552K, capacity 4929K, committed 4992K, reserved 1048576K
}
Event: 22.932 GC heap before
{Heap before GC invocations=11 (full 2):
 PSYoungGen      total 193024K, used 11442K [0x00000000d6300000, 0x00000000e6c80000, 0x0000000100000000)
  eden space 177152K, 0% used [0x00000000d6300000,0x00000000d6300000,0x00000000e1000000)
  from space 15872K, 72% used [0x00000000e1000000,0x00000000e1b2c9b8,0x00000000e1f80000)
  to   space 16384K, 0% used [0x00000000e5c80000,0x00000000e5c80000,0x00000000e6c80000)
 ParOldGen       total 55808K, used 21489K [0x0000000082800000, 0x0000000085e80000, 0x00000000d6300000)
  object space 55808K, 38% used [0x0000000082800000,0x0000000083cfc7a0,0x0000000085e80000)
 Metaspace       used 33626K, capacity 35352K, committed 35456K, reserved 1079296K
  class space    used 4552K, capacity 4929K, committed 4992K, reserved 1048576K
Event: 23.245 GC heap after
Heap after GC invocations=11 (full 2):
 PSYoungGen      total 193024K, used 0K [0x00000000d6300000, 0x00000000e6c80000, 0x0000000100000000)
  eden space 177152K, 0% used [0x00000000d6300000,0x00000000d6300000,0x00000000e1000000)
  from space 15872K, 0% used [0x00000000e1000000,0x00000000e1000000,0x00000000e1f80000)
  to   space 16384K, 0% used [0x00000000e5c80000,0x00000000e5c80000,0x00000000e6c80000)
 ParOldGen       total 86528K, used 20543K [0x0000000082800000, 0x0000000087c80000, 0x00000000d6300000)
  object space 86528K, 23% used [0x0000000082800000,0x0000000083c0fe60,0x0000000087c80000)
 Metaspace       used 33626K, capacity 35352K, committed 35456K, reserved 1079296K
  class space    used 4552K, capacity 4929K, committed 4992K, reserved 1048576K
}
Event: 34.930 GC heap before
{Heap before GC invocations=12 (full 2):
 PSYoungGen      total 193024K, used 177152K [0x00000000d6300000, 0x00000000e6c80000, 0x0000000100000000)
  eden space 177152K, 100% used [0x00000000d6300000,0x00000000e1000000,0x00000000e1000000)
  from space 15872K, 0% used [0x00000000e1000000,0x00000000e1000000,0x00000000e1f80000)
  to   space 16384K, 0% used [0x00000000e5c80000,0x00000000e5c80000,0x00000000e6c80000)
 ParOldGen       total 86528K, used 20543K [0x0000000082800000, 0x0000000087c80000, 0x00000000d6300000)
  object space 86528K, 23% used [0x0000000082800000,0x0000000083c0fe60,0x0000000087c80000)
 Metaspace       used 47198K, capacity 49112K, committed 49408K, reserved 1091584K
  class space    used 6412K, capacity 6823K, committed 6912K, reserved 1048576K
Event: 34.950 GC heap after
Heap after GC invocations=12 (full 2):
 PSYoungGen      total 250368K, used 15664K [0x00000000d6300000, 0x00000000e6c00000, 0x0000000100000000)
  eden space 234496K, 0% used [0x00000000d6300000,0x00000000d6300000,0x00000000e4800000)
  from space 15872K, 98% used [0x00000000e5c80000,0x00000000e6bcc328,0x00000000e6c00000)
  to   space 18432K, 0% used [0x00000000e4800000,0x00000000e4800000,0x00000000e5a00000)
 ParOldGen       total 86528K, used 20551K [0x0000000082800000, 0x0000000087c80000, 0x00000000d6300000)
  object space 86528K, 23% used [0x0000000082800000,0x0000000083c11e60,0x0000000087c80000)
 Metaspace       used 47198K, capacity 49112K, committed 49408K, reserved 1091584K
  class space    used 6412K, capacity 6823K, committed 6912K, reserved 1048576K
}
Event: 58.640 GC heap before
{Heap before GC invocations=13 (full 2):
 PSYoungGen      total 250368K, used 200129K [0x00000000d6300000, 0x00000000e6c00000, 0x0000000100000000)
  eden space 234496K, 78% used [0x00000000d6300000,0x00000000e1724288,0x00000000e4800000)
  from space 15872K, 98% used [0x00000000e5c80000,0x00000000e6bcc328,0x00000000e6c00000)
  to   space 18432K, 0% used [0x00000000e4800000,0x00000000e4800000,0x00000000e5a00000)
 ParOldGen       total 86528K, used 20551K [0x0000000082800000, 0x0000000087c80000, 0x00000000d6300000)
  object space 86528K, 23% used [0x0000000082800000,0x0000000083c11e60,0x0000000087c80000)
 Metaspace       used 56240K, capacity 59088K, committed 59096K, reserved 1099776K
  class space    used 7774K, capacity 8312K, committed 8320K, reserved 1048576K
Event: 58.800 GC heap after
Heap after GC invocations=13 (full 2):
 PSYoungGen      total 252928K, used 13491K [0x00000000d6300000, 0x00000000e6c00000, 0x0000000100000000)
  eden space 234496K, 0% used [0x00000000d6300000,0x00000000d6300000,0x00000000e4800000)
  from space 18432K, 73% used [0x00000000e4800000,0x00000000e552cc50,0x00000000e5a00000)
  to   space 15872K, 0% used [0x00000000e5c80000,0x00000000e5c80000,0x00000000e6c00000)
 ParOldGen       total 86528K, used 24910K [0x0000000082800000, 0x0000000087c80000, 0x00000000d6300000)
  object space 86528K, 28% used [0x0000000082800000,0x0000000084053ac0,0x0000000087c80000)
 Metaspace       used 56240K, capacity 59088K, committed 59096K, reserved 1099776K
  class space    used 7774K, capacity 8312K, committed 8320K, reserved 1048576K
}
Event: 58.800 GC heap before
{Heap before GC invocations=14 (full 3):
 PSYoungGen      total 252928K, used 13491K [0x00000000d6300000, 0x00000000e6c00000, 0x0000000100000000)
  eden space 234496K, 0% used [0x00000000d6300000,0x00000000d6300000,0x00000000e4800000)
  from space 18432K, 73% used [0x00000000e4800000,0x00000000e552cc50,0x00000000e5a00000)
  to   space 15872K, 0% used [0x00000000e5c80000,0x00000000e5c80000,0x00000000e6c00000)
 ParOldGen       total 86528K, used 24910K [0x0000000082800000, 0x0000000087c80000, 0x00000000d6300000)
  object space 86528K, 28% used [0x0000000082800000,0x0000000084053ac0,0x0000000087c80000)
 Metaspace       used 56240K, capacity 59088K, committed 59096K, reserved 1099776K
  class space    used 7774K, capacity 8312K, committed 8320K, reserved 1048576K
Event: 61.241 GC heap after
Heap after GC invocations=14 (full 3):
 PSYoungGen      total 252928K, used 0K [0x00000000d6300000, 0x00000000e6c00000, 0x0000000100000000)
  eden space 234496K, 0% used [0x00000000d6300000,0x00000000d6300000,0x00000000e4800000)
  from space 18432K, 0% used [0x00000000e4800000,0x00000000e4800000,0x00000000e5a00000)
  to   space 15872K, 0% used [0x00000000e5c80000,0x00000000e5c80000,0x00000000e6c00000)
 ParOldGen       total 86528K, used 35303K [0x0000000082800000, 0x0000000087c80000, 0x00000000d6300000)
  object space 86528K, 40% used [0x0000000082800000,0x0000000084a79fd0,0x0000000087c80000)
 Metaspace       used 56240K, capacity 59088K, committed 59096K, reserved 1099776K
  class space    used 7774K, capacity 8312K, committed 8320K, reserved 1048576K
}

