# JRE version: Java(TM) SE Runtime Environment (8.0_231-b11) (build 1.8.0_231-b11)
# Java VM: Java HotSpot(TM) 64-Bit Server VM (25.231-b11 mixed mode windows-amd64 compressed oops)
Heap:
 PSYoungGen      total 258048K, used 4549K [0x00000000d6300000, 0x00000000f2b80000, 0x0000000100000000)
  eden space 245248K, 1% used [0x00000000d6300000,0x00000000d67716b0,0x00000000e5280000)
  from space 12800K, 0% used [0x00000000e5280000,0x00000000e5280000,0x00000000e5f00000)
  to   space 20992K, 0% used [0x00000000f1700000,0x00000000f1700000,0x00000000f2b80000)
 ParOldGen       total 67072K, used 36637K [0x0000000082800000, 0x0000000086980000, 0x00000000d6300000)
  object space 67072K, 54% used [0x0000000082800000,0x0000000084bc7778,0x0000000086980000)
 Metaspace       used 50141K, capacity 52202K, committed 52736K, reserved 1097728K
  class space    used 6869K, capacity 7303K, committed 7424K, reserved 1048576K
GC Heap History (10 events):
Event: 33.417 GC heap before
{Heap before GC invocations=9 (full 2):
 PSYoungGen      total 258048K, used 12786K [0x00000000d6300000, 0x00000000f3b00000, 0x0000000100000000)
  eden space 245248K, 0% used [0x00000000d6300000,0x00000000d6300000,0x00000000e5280000)
  from space 12800K, 99% used [0x00000000e5280000,0x00000000e5efcbd0,0x00000000e5f00000)
  to   space 16384K, 0% used [0x00000000f2b00000,0x00000000f2b00000,0x00000000f3b00000)
 ParOldGen       total 50688K, used 18148K [0x0000000082800000, 0x0000000085980000, 0x00000000d6300000)
  object space 50688K, 35% used [0x0000000082800000,0x00000000839b93a8,0x0000000085980000)
 Metaspace       used 33622K, capacity 35320K, committed 35456K, reserved 1079296K
  class space    used 4549K, capacity 4897K, committed 4992K, reserved 1048576K
Event: 33.564 GC heap after
Heap after GC invocations=9 (full 2):
 PSYoungGen      total 258048K, used 0K [0x00000000d6300000, 0x00000000f3b00000, 0x0000000100000000)
  eden space 245248K, 0% used [0x00000000d6300000,0x00000000d6300000,0x00000000e5280000)
  from space 12800K, 0% used [0x00000000e5280000,0x00000000e5280000,0x00000000e5f00000)
  to   space 16384K, 0% used [0x00000000f2b00000,0x00000000f2b00000,0x00000000f3b00000)
 ParOldGen       total 67072K, used 21757K [0x0000000082800000, 0x0000000086980000, 0x00000000d6300000)
  object space 67072K, 32% used [0x0000000082800000,0x0000000083d3f470,0x0000000086980000)
 Metaspace       used 33622K, capacity 35320K, committed 35456K, reserved 1079296K
  class space    used 4549K, capacity 4897K, committed 4992K, reserved 1048576K
}
Event: 63.538 GC heap before
{Heap before GC invocations=10 (full 2):
 PSYoungGen      total 258048K, used 234866K [0x00000000d6300000, 0x00000000f3b00000, 0x0000000100000000)
  eden space 245248K, 95% used [0x00000000d6300000,0x00000000e485c9f8,0x00000000e5280000)
  from space 12800K, 0% used [0x00000000e5280000,0x00000000e5280000,0x00000000e5f00000)
  to   space 16384K, 0% used [0x00000000f2b00000,0x00000000f2b00000,0x00000000f3b00000)
 ParOldGen       total 67072K, used 21757K [0x0000000082800000, 0x0000000086980000, 0x00000000d6300000)
  object space 67072K, 32% used [0x0000000082800000,0x0000000083d3f470,0x0000000086980000)
 Metaspace       used 49897K, capacity 51892K, committed 52096K, reserved 1097728K
  class space    used 6831K, capacity 7266K, committed 7296K, reserved 1048576K
Event: 63.692 GC heap after
Heap after GC invocations=10 (full 2):
 PSYoungGen      total 261632K, used 16367K [0x00000000d6300000, 0x00000000f3b00000, 0x0000000100000000)
  eden space 245248K, 0% used [0x00000000d6300000,0x00000000d6300000,0x00000000e5280000)
  from space 16384K, 99% used [0x00000000f2b00000,0x00000000f3afbea0,0x00000000f3b00000)
  to   space 12800K, 0% used [0x00000000e5280000,0x00000000e5280000,0x00000000e5f00000)
 ParOldGen       total 67072K, used 24517K [0x0000000082800000, 0x0000000086980000, 0x00000000d6300000)
  object space 67072K, 36% used [0x0000000082800000,0x0000000083ff1660,0x0000000086980000)
 Metaspace       used 49897K, capacity 51892K, committed 52096K, reserved 1097728K
  class space    used 6831K, capacity 7266K, committed 7296K, reserved 1048576K
}
Event: 63.692 GC heap before
{Heap before GC invocations=11 (full 3):
 PSYoungGen      total 261632K, used 16367K [0x00000000d6300000, 0x00000000f3b00000, 0x0000000100000000)
  eden space 245248K, 0% used [0x00000000d6300000,0x00000000d6300000,0x00000000e5280000)
  from space 16384K, 99% used [0x00000000f2b00000,0x00000000f3afbea0,0x00000000f3b00000)
  to   space 12800K, 0% used [0x00000000e5280000,0x00000000e5280000,0x00000000e5f00000)
 ParOldGen       total 67072K, used 24517K [0x0000000082800000, 0x0000000086980000, 0x00000000d6300000)
  object space 67072K, 36% used [0x0000000082800000,0x0000000083ff1660,0x0000000086980000)
 Metaspace       used 49897K, capacity 51892K, committed 52096K, reserved 1097728K
  class space    used 6831K, capacity 7266K, committed 7296K, reserved 1048576K
Event: 63.860 GC heap after
Heap after GC invocations=11 (full 3):
 PSYoungGen      total 261632K, used 0K [0x00000000d6300000, 0x00000000f3b00000, 0x0000000100000000)
  eden space 245248K, 0% used [0x00000000d6300000,0x00000000d6300000,0x00000000e5280000)
  from space 16384K, 0% used [0x00000000f2b00000,0x00000000f2b00000,0x00000000f3b00000)
  to   space 12800K, 0% used [0x00000000e5280000,0x00000000e5280000,0x00000000e5f00000)
 ParOldGen       total 67072K, used 36723K [0x0000000082800000, 0x0000000086980000, 0x00000000d6300000)
  object space 67072K, 54% used [0x0000000082800000,0x0000000084bdcc78,0x0000000086980000)
 Metaspace       used 49897K, capacity 51892K, committed 52096K, reserved 1095680K
  class space    used 6831K, capacity 7266K, committed 7296K, reserved 1048576K
}
Event: 63.860 GC heap before
{Heap before GC invocations=12 (full 3):
 PSYoungGen      total 261632K, used 0K [0x00000000d6300000, 0x00000000f3b00000, 0x0000000100000000)
  eden space 245248K, 0% used [0x00000000d6300000,0x00000000d6300000,0x00000000e5280000)
  from space 16384K, 0% used [0x00000000f2b00000,0x00000000f2b00000,0x00000000f3b00000)
  to   space 12800K, 0% used [0x00000000e5280000,0x00000000e5280000,0x00000000e5f00000)
 ParOldGen       total 67072K, used 36723K [0x0000000082800000, 0x0000000086980000, 0x00000000d6300000)
  object space 67072K, 54% used [0x0000000082800000,0x0000000084bdcc78,0x0000000086980000)
 Metaspace       used 49897K, capacity 51892K, committed 52096K, reserved 1099776K
  class space    used 6831K, capacity 7266K, committed 7296K, reserved 1048576K
Event: 63.972 GC heap after
Heap after GC invocations=12 (full 3):
 PSYoungGen      total 258048K, used 0K [0x00000000d6300000, 0x00000000f2b80000, 0x0000000100000000)
  eden space 245248K, 0% used [0x00000000d6300000,0x00000000d6300000,0x00000000e5280000)
  from space 12800K, 0% used [0x00000000e5280000,0x00000000e5280000,0x00000000e5f00000)
  to   space 20992K, 0% used [0x00000000f1700000,0x00000000f1700000,0x00000000f2b80000)
 ParOldGen       total 67072K, used 36723K [0x0000000082800000, 0x0000000086980000, 0x00000000d6300000)
  object space 67072K, 54% used [0x0000000082800000,0x0000000084bdcc78,0x0000000086980000)
 Metaspace       used 49897K, capacity 51892K, committed 52096K, reserved 1099776K
  class space    used 6831K, capacity 7266K, committed 7296K, reserved 1048576K
}
Event: 63.972 GC heap before
{Heap before GC invocations=13 (full 4):
 PSYoungGen      total 258048K, used 0K [0x00000000d6300000, 0x00000000f2b80000, 0x0000000100000000)
  eden space 245248K, 0% used [0x00000000d6300000,0x00000000d6300000,0x00000000e5280000)
  from space 12800K, 0% used [0x00000000e5280000,0x00000000e5280000,0x00000000e5f00000)
  to   space 20992K, 0% used [0x00000000f1700000,0x00000000f1700000,0x00000000f2b80000)
 ParOldGen       total 67072K, used 36723K [0x0000000082800000, 0x0000000086980000, 0x00000000d6300000)
  object space 67072K, 54% used [0x0000000082800000,0x0000000084bdcc78,0x0000000086980000)
 Metaspace       used 49897K, capacity 51892K, committed 52096K, reserved 1099776K
  class space    used 6831K, capacity 7266K, committed 7296K, reserved 1048576K
Event: 64.052 GC heap after
Heap after GC invocations=13 (full 4):
 PSYoungGen      total 258048K, used 0K [0x00000000d6300000, 0x00000000f2b80000, 0x0000000100000000)
  eden space 245248K, 0% used [0x00000000d6300000,0x00000000d6300000,0x00000000e5280000)
  from space 12800K, 0% used [0x00000000e5280000,0x00000000e5280000,0x00000000e5f00000)
  to   space 20992K, 0% used [0x00000000f1700000,0x00000000f1700000,0x00000000f2b80000)
 ParOldGen       total 67072K, used 36637K [0x0000000082800000, 0x0000000086980000, 0x00000000d6300000)
  object space 67072K, 54% used [0x0000000082800000,0x0000000084bc7778,0x0000000086980000)
 Metaspace       used 49897K, capacity 51892K, committed 52096K, reserved 1095680K
  class space    used 6831K, capacity 7266K, committed 7296K, reserved 1048576K
}

